[INFO] New run on Wed Dec 7 15:41:42 CET 2016
[INFO] Will compile 96 settings
[INFO] Setting 1/96: nb_threads=seq pattern=uniform-random size=1024 value=123456 input_instance=1... make[1]: Entering directory `/home/matzi633/Documents/test_multicore/Multicore_and_gpu/new_Lab3/src'
rm -f bincc_generate_generate.o bincxx_drake-sort_drake-sort.o bincxx_drake-sort_utils.o bincxx_parallel-sort_parallel-sort.o bincxx_parallel-sort_utils.o drakecc_merge_leaf_1.o drakecc_merge_leaf_2.o drakecc_merge_root.o drakecc_merge.schedule.o bincc_generate_generate.d bincxx_drake-sort_drake-sort.d bincxx_drake-sort_utils.d bincxx_parallel-sort_parallel-sort.d bincxx_parallel-sort_utils.d drakecc_merge_leaf_1.d drakecc_merge_leaf_2.d drakecc_merge_root.d drakecc_merge.schedule.d bincc_generate_generate.e bincxx_drake-sort_drake-sort.e bincxx_drake-sort_utils.e bincxx_parallel-sort_parallel-sort.e bincxx_parallel-sort_utils.e drakecc_merge_leaf_1.e drakecc_merge_leaf_2.e drakecc_merge_root.e drakecc_merge.schedule.e
rm -f bincxx_drake-sort_sort.o bincxx_parallel-sort_sort.o bincxx_drake-sort_sort.d bincxx_parallel-sort_sort.d bincxx_drake-sort_sort.e bincxx_parallel-sort_sort.e
rm -f merge.pc
rm -f merge.schedule.c merge.taskgraph.graphml merge.schedule.xml
rm -f merge-1.graphml.o platform-1.dat.o
rm -f
rm -f generate seq-drake-sort seq-parallel-sort
rm -f libmerge.a
rm -f
rm -f *.o *.txt *.fig *.bin *.e *.d *.obj
make[1]: Leaving directory `/home/matzi633/Documents/test_multicore/Multicore_and_gpu/new_Lab3/src'
make[1]: Entering directory `/home/matzi633/Documents/test_multicore/Multicore_and_gpu/new_Lab3/include'
make[1]: Leaving directory `/home/matzi633/Documents/test_multicore/Multicore_and_gpu/new_Lab3/include'
rm -f -r /home/matzi633/Documents/test_multicore/Multicore_and_gpu/new_Lab3/Lab3-1.0.0
rm -f /home/matzi633/Documents/test_multicore/Multicore_and_gpu/new_Lab3/Lab3-1.0.0.tar.gz
make NB_THREADS=0 VARIANT_parallel-sort=seq- DRAKE_PLATFORM=platform-1.dat DRAKE_SCHEDULE=schedule-1.xml DRAKE_TASKGRAPH=merge-1.graphml VARIANT_drake-sort=seq-
make[1]: Entering directory `/home/matzi633/Documents/test_multicore/Multicore_and_gpu/new_Lab3/src'
gcc -E -isystem ../include -O3 -DNDEBUG -I/home/nicme26/tddd56/include -o bincc_generate_generate.e generate.c
gcc -c -isystem ../include -O3 -DNDEBUG -I/home/nicme26/tddd56/include -o bincc_generate_generate.o generate.c
gcc -M -isystem ../include -O3 -DNDEBUG -I/home/nicme26/tddd56/include generate.c -MF bincc_generate_generate.d
gcc -o generate -L. bincc_generate_generate.o -L/home/nicme26/tddd56/lib -lpelib-core -lboost_graph -lboost_regex -lm
g++ -E -isystem ../include -O3 -DNDEBUG -DDRAKE_IA_SHARED_SIZE=262144 -DDRAKE_IA_LINE_SIZE=64 -I/home/nicme26/tddd56/include -DNB_THREADS=1 -UNB_THREADS -DNB_THREADS=0 -o bincxx_drake-sort_sort.e sort.cpp
g++ -c -isystem ../include -O3 -DNDEBUG -DDRAKE_IA_SHARED_SIZE=262144 -DDRAKE_IA_LINE_SIZE=64 -I/home/nicme26/tddd56/include -DNB_THREADS=1 -UNB_THREADS -DNB_THREADS=0 -o bincxx_drake-sort_sort.o sort.cpp
g++ -M -isystem ../include -O3 -DNDEBUG -DDRAKE_IA_SHARED_SIZE=262144 -DDRAKE_IA_LINE_SIZE=64 -I/home/nicme26/tddd56/include -DNB_THREADS=1 -UNB_THREADS -DNB_THREADS=0 sort.cpp -MF bincxx_drake-sort_sort.d
gcc -E -isystem ../include -O3 -DNDEBUG -DNB_THREADS=1 -o bincxx_drake-sort_drake-sort.e drake-sort.c
gcc -c -isystem ../include -O3 -DNDEBUG -DNB_THREADS=1 -o bincxx_drake-sort_drake-sort.o drake-sort.c
gcc -M -isystem ../include -O3 -DNDEBUG -DNB_THREADS=1 drake-sort.c -MF bincxx_drake-sort_drake-sort.d
gcc -E -isystem ../include -O3 -DNDEBUG -DNB_THREADS=1 -o bincxx_drake-sort_utils.e utils.c
gcc -c -isystem ../include -O3 -DNDEBUG -DNB_THREADS=1 -o bincxx_drake-sort_utils.o utils.c
gcc -M -isystem ../include -O3 -DNDEBUG -DNB_THREADS=1 utils.c -MF bincxx_drake-sort_utils.d
gcc -E -isystem ../include -O3 -DNDEBUG -D_DRAKE_COMPILE -DAPPLICATION=merge -DTASK_MODULE=presort -DTASK_NAME=leaf_1 -o drakecc_merge_leaf_1.e presort.c
presort.c:29:2: warning: #warning Disabling debug output [-Wcpp]
#warning Disabling debug output
^
gcc -c -isystem ../include -O3 -DNDEBUG -D_DRAKE_COMPILE -DAPPLICATION=merge -DTASK_MODULE=presort -DTASK_NAME=leaf_1 -o drakecc_merge_leaf_1.o presort.c
presort.c:29:2: warning: #warning Disabling debug output [-Wcpp]
#warning Disabling debug output
^
gcc -M -isystem ../include -O3 -DNDEBUG -D_DRAKE_COMPILE -DAPPLICATION=merge -DTASK_MODULE=presort -DTASK_NAME=leaf_1 presort.c -MF drakecc_merge_leaf_1.d
gcc -E -isystem ../include -O3 -DNDEBUG -D_DRAKE_COMPILE -DAPPLICATION=merge -DTASK_MODULE=presort -DTASK_NAME=leaf_2 -o drakecc_merge_leaf_2.e presort.c
presort.c:29:2: warning: #warning Disabling debug output [-Wcpp]
#warning Disabling debug output
^
gcc -c -isystem ../include -O3 -DNDEBUG -D_DRAKE_COMPILE -DAPPLICATION=merge -DTASK_MODULE=presort -DTASK_NAME=leaf_2 -o drakecc_merge_leaf_2.o presort.c
presort.c:29:2: warning: #warning Disabling debug output [-Wcpp]
#warning Disabling debug output
^
gcc -M -isystem ../include -O3 -DNDEBUG -D_DRAKE_COMPILE -DAPPLICATION=merge -DTASK_MODULE=presort -DTASK_NAME=leaf_2 presort.c -MF drakecc_merge_leaf_2.d
gcc -E -isystem ../include -O3 -DNDEBUG -D_DRAKE_COMPILE -DAPPLICATION=merge -DTASK_MODULE=merge -DTASK_NAME=root -o drakecc_merge_root.e merge.c
gcc -c -isystem ../include -O3 -DNDEBUG -D_DRAKE_COMPILE -DAPPLICATION=merge -DTASK_MODULE=merge -DTASK_NAME=root -o drakecc_merge_root.o merge.c
gcc -M -isystem ../include -O3 -DNDEBUG -D_DRAKE_COMPILE -DAPPLICATION=merge -DTASK_MODULE=merge -DTASK_NAME=root merge.c -MF drakecc_merge_root.d
pelib-convert --input --lib platform-ampl_input --file platform-1.dat --input --lib taskgraph-graphml --file merge-1.graphml --input --lib schedule-xml --file schedule-1.xml --output --lib schedule-drake --file merge.schedule.c
gcc -E -isystem ../include -O3 -DNDEBUG -DAPPLICATION=merge -o drakecc_merge.schedule.e merge.schedule.c
gcc -c -isystem ../include -O3 -DNDEBUG -DAPPLICATION=merge -o drakecc_merge.schedule.o merge.schedule.c
gcc -M -isystem ../include -O3 -DNDEBUG -DAPPLICATION=merge merge.schedule.c -MF drakecc_merge.schedule.d
ld -r -b binary -o merge-1.graphml.o merge-1.graphml
ld -r -b binary -o platform-1.dat.o platform-1.dat
ar rs libmerge.a drakecc_merge_leaf_1.o drakecc_merge_leaf_2.o drakecc_merge_root.o drakecc_merge.schedule.o drakecc_merge_leaf_1.o drakecc_merge_leaf_2.o drakecc_merge_root.o drakecc_merge.schedule.o
ar: creating libmerge.a
g++ -o seq-drake-sort -L. -L. bincxx_drake-sort_sort.o bincxx_drake-sort_drake-sort.o bincxx_drake-sort_utils.o -lmerge -pthread -L/home/nicme26/tddd56/lib -ldrake-intel-ia -ldrake -lpelib-core -lboost_graph -lboost_regex -lrapl -lm -lrt
g++ -E -isystem ../include -O3 -DNDEBUG -DDRAKE_IA_SHARED_SIZE=262144 -DDRAKE_IA_LINE_SIZE=64 -I/home/nicme26/tddd56/include -DNB_THREADS=0 -o bincxx_parallel-sort_sort.e sort.cpp
g++ -c -isystem ../include -O3 -DNDEBUG -DDRAKE_IA_SHARED_SIZE=262144 -DDRAKE_IA_LINE_SIZE=64 -I/home/nicme26/tddd56/include -DNB_THREADS=0 -o bincxx_parallel-sort_sort.o sort.cpp
g++ -M -isystem ../include -O3 -DNDEBUG -DDRAKE_IA_SHARED_SIZE=262144 -DDRAKE_IA_LINE_SIZE=64 -I/home/nicme26/tddd56/include -DNB_THREADS=0 sort.cpp -MF bincxx_parallel-sort_sort.d
gcc -E -isystem ../include -O3 -DNDEBUG -DNB_THREADS=0 -o bincxx_parallel-sort_parallel-sort.e parallel-sort.c
gcc -c -isystem ../include -O3 -DNDEBUG -DNB_THREADS=0 -o bincxx_parallel-sort_parallel-sort.o parallel-sort.c
gcc -M -isystem ../include -O3 -DNDEBUG -DNB_THREADS=0 parallel-sort.c -MF bincxx_parallel-sort_parallel-sort.d
gcc -E -isystem ../include -O3 -DNDEBUG -DNB_THREADS=0 -o bincxx_parallel-sort_utils.e utils.c
gcc -c -isystem ../include -O3 -DNDEBUG -DNB_THREADS=0 -o bincxx_parallel-sort_utils.o utils.c
gcc -M -isystem ../include -O3 -DNDEBUG -DNB_THREADS=0 utils.c -MF bincxx_parallel-sort_utils.d
g++ -o seq-parallel-sort -L. bincxx_parallel-sort_sort.o bincxx_parallel-sort_parallel-sort.o bincxx_parallel-sort_utils.o -pthread -L/home/nicme26/tddd56/lib -ldrake-intel-ia -ldrake -lpelib-core -lboost_graph -lboost_regex -lrapl -lm -lrt
echo Makefile Makefile.in
Makefile Makefile.in
echo prefix=/home/nicme26/tddd56 > merge.pc
echo exec_prefix= >> merge.pc
echo libdir='$'{prefix}/lib >> merge.pc
echo includedir='$'{prefix}/include >> merge.pc
echo >> merge.pc
echo Name: libmerge >> merge.pc
echo Description: General PELAB in library research used utility >> merge.pc
echo Version: 1.0.0 >> merge.pc
echo URL: >> merge.pc
echo Libs: -L'$'{libdir} -lmerge >> merge.pc
echo Libs.private: >> merge.pc
echo Requires: >> merge.pc
echo Requires.private: >> merge.pc
echo Conflicts: >> merge.pc
echo Cflags: -I'$'{includedir} >> merge.pc
make[1]: Leaving directory `/home/matzi633/Documents/test_multicore/Multicore_and_gpu/new_Lab3/src'
make[1]: Entering directory `/home/matzi633/Documents/test_multicore/Multicore_and_gpu/new_Lab3/include'
make[1]: Leaving directory `/home/matzi633/Documents/test_multicore/Multicore_and_gpu/new_Lab3/include'
OK. 7.94 sec finished on 12/07/16 15:41:51; approx. 848.27 sec left (14.14 minutes)
[INFO] Setting 2/96: nb_threads=seq pattern=uniform-random size=1024 value=123456 input_instance=2... OK. 0.01 sec finished on 12/07/16 15:41:51; approx. 422.67 sec left (7.04 minutes)
[INFO] Setting 3/96: nb_threads=seq pattern=uniform-random size=4096 value=123456 input_instance=1... OK. 0.00 sec finished on 12/07/16 15:41:51; approx. 280.47 sec left (4.67 minutes)
[INFO] Setting 4/96: nb_threads=seq pattern=uniform-random size=4096 value=123456 input_instance=2... OK. 0.00 sec finished on 12/07/16 15:41:51; approx. 209.33 sec left (3.49 minutes)
[INFO] Setting 5/96: nb_threads=seq pattern=uniform-random size=16384 value=123456 input_instance=1... OK. 0.00 sec finished on 12/07/16 15:41:51; approx. 166.62 sec left (2.78 minutes)
[INFO] Setting 6/96: nb_threads=seq pattern=uniform-random size=16384 value=123456 input_instance=2... OK. 0.00 sec finished on 12/07/16 15:41:51; approx. 138.12 sec left (2.30 minutes)
[INFO] Setting 7/96: nb_threads=seq pattern=increasing size=1024 value=123456 input_instance=1... OK. 0.00 sec finished on 12/07/16 15:41:51; approx. 117.83 sec left (1.96 minutes)
[INFO] Setting 9/96: nb_threads=seq pattern=increasing size=4096 value=123456 input_instance=1... OK. 0.00 sec finished on 12/07/16 15:41:51; approx. 90.36 sec left (1.51 minutes)
[INFO] Setting 11/96: nb_threads=seq pattern=increasing size=16384 value=123456 input_instance=1... OK. 0.00 sec finished on 12/07/16 15:41:51; approx. 72.85 sec left (1.21 minutes)
[INFO] Setting 13/96: nb_threads=seq pattern=decreasing size=1024 value=123456 input_instance=1... OK. 0.00 sec finished on 12/07/16 15:41:52; approx. 60.76 sec left (1.01 minutes)
[INFO] Setting 15/96: nb_threads=seq pattern=decreasing size=4096 value=123456 input_instance=1... OK. 0.00 sec finished on 12/07/16 15:41:52; approx. 51.84 sec left (0.86 minutes)
[INFO] Setting 17/96: nb_threads=seq pattern=decreasing size=16384 value=123456 input_instance=1... OK. 0.00 sec finished on 12/07/16 15:41:52; approx. 44.99 sec left (0.75 minutes)
[INFO] Setting 19/96: nb_threads=seq pattern=constant size=1024 value=123456 input_instance=1... OK. 0.00 sec finished on 12/07/16 15:41:52; approx. 39.51 sec left (0.66 minutes)
[INFO] Setting 21/96: nb_threads=seq pattern=constant size=4096 value=123456 input_instance=1... OK. 0.00 sec finished on 12/07/16 15:41:52; approx. 35.09 sec left (0.58 minutes)
[INFO] Setting 23/96: nb_threads=seq pattern=constant size=16384 value=123456 input_instance=1... OK. 0.00 sec finished on 12/07/16 15:41:52; approx. 31.43 sec left (0.52 minutes)
[INFO] Setting 25/96: nb_threads=2 pattern=uniform-random size=1024 value=123456 input_instance=1... make[1]: Entering directory `/home/matzi633/Documents/test_multicore/Multicore_and_gpu/new_Lab3/src'
rm -f bincc_generate_generate.o bincxx_drake-sort_drake-sort.o bincxx_drake-sort_utils.o bincxx_parallel-sort_parallel-sort.o bincxx_parallel-sort_utils.o drakecc_merge_leaf_1.o drakecc_merge_leaf_2.o drakecc_merge_root.o drakecc_merge.schedule.o bincc_generate_generate.d bincxx_drake-sort_drake-sort.d bincxx_drake-sort_utils.d bincxx_parallel-sort_parallel-sort.d bincxx_parallel-sort_utils.d drakecc_merge_leaf_1.d drakecc_merge_leaf_2.d drakecc_merge_root.d drakecc_merge.schedule.d bincc_generate_generate.e bincxx_drake-sort_drake-sort.e bincxx_drake-sort_utils.e bincxx_parallel-sort_parallel-sort.e bincxx_parallel-sort_utils.e drakecc_merge_leaf_1.e drakecc_merge_leaf_2.e drakecc_merge_root.e drakecc_merge.schedule.e
rm -f bincxx_drake-sort_sort.o bincxx_parallel-sort_sort.o bincxx_drake-sort_sort.d bincxx_parallel-sort_sort.d bincxx_drake-sort_sort.e bincxx_parallel-sort_sort.e
rm -f merge.pc
rm -f merge.schedule.c merge.taskgraph.graphml merge.schedule.xml
rm -f merge-2.graphml.o platform-2.dat.o
rm -f
rm -f generate p2-drake-sort p2-parallel-sort
rm -f libmerge.a
rm -f
rm -f *.o *.txt *.fig *.bin *.e *.d *.obj
make[1]: Leaving directory `/home/matzi633/Documents/test_multicore/Multicore_and_gpu/new_Lab3/src'
make[1]: Entering directory `/home/matzi633/Documents/test_multicore/Multicore_and_gpu/new_Lab3/include'
make[1]: Leaving directory `/home/matzi633/Documents/test_multicore/Multicore_and_gpu/new_Lab3/include'
rm -f -r /home/matzi633/Documents/test_multicore/Multicore_and_gpu/new_Lab3/Lab3-1.0.0
rm -f /home/matzi633/Documents/test_multicore/Multicore_and_gpu/new_Lab3/Lab3-1.0.0.tar.gz
make NB_THREADS=2 VARIANT_parallel-sort=p2- DRAKE_PLATFORM=platform-2.dat DRAKE_SCHEDULE=schedule-2.xml DRAKE_TASKGRAPH=merge-2.graphml VARIANT_drake-sort=p2-
make[1]: Entering directory `/home/matzi633/Documents/test_multicore/Multicore_and_gpu/new_Lab3/src'
gcc -E -isystem ../include -O3 -DNDEBUG -I/home/nicme26/tddd56/include -o bincc_generate_generate.e generate.c
gcc -c -isystem ../include -O3 -DNDEBUG -I/home/nicme26/tddd56/include -o bincc_generate_generate.o generate.c
gcc -M -isystem ../include -O3 -DNDEBUG -I/home/nicme26/tddd56/include generate.c -MF bincc_generate_generate.d
gcc -o generate -L. bincc_generate_generate.o -L/home/nicme26/tddd56/lib -lpelib-core -lboost_graph -lboost_regex -lm
g++ -E -isystem ../include -O3 -DNDEBUG -DDRAKE_IA_SHARED_SIZE=262144 -DDRAKE_IA_LINE_SIZE=64 -I/home/nicme26/tddd56/include -DNB_THREADS=2 -UNB_THREADS -DNB_THREADS=0 -o bincxx_drake-sort_sort.e sort.cpp
g++ -c -isystem ../include -O3 -DNDEBUG -DDRAKE_IA_SHARED_SIZE=262144 -DDRAKE_IA_LINE_SIZE=64 -I/home/nicme26/tddd56/include -DNB_THREADS=2 -UNB_THREADS -DNB_THREADS=0 -o bincxx_drake-sort_sort.o sort.cpp
g++ -M -isystem ../include -O3 -DNDEBUG -DDRAKE_IA_SHARED_SIZE=262144 -DDRAKE_IA_LINE_SIZE=64 -I/home/nicme26/tddd56/include -DNB_THREADS=2 -UNB_THREADS -DNB_THREADS=0 sort.cpp -MF bincxx_drake-sort_sort.d
gcc -E -isystem ../include -O3 -DNDEBUG -DNB_THREADS=2 -o bincxx_drake-sort_drake-sort.e drake-sort.c
gcc -c -isystem ../include -O3 -DNDEBUG -DNB_THREADS=2 -o bincxx_drake-sort_drake-sort.o drake-sort.c
gcc -M -isystem ../include -O3 -DNDEBUG -DNB_THREADS=2 drake-sort.c -MF bincxx_drake-sort_drake-sort.d
gcc -E -isystem ../include -O3 -DNDEBUG -DNB_THREADS=2 -o bincxx_drake-sort_utils.e utils.c
gcc -c -isystem ../include -O3 -DNDEBUG -DNB_THREADS=2 -o bincxx_drake-sort_utils.o utils.c
gcc -M -isystem ../include -O3 -DNDEBUG -DNB_THREADS=2 utils.c -MF bincxx_drake-sort_utils.d
gcc -E -isystem ../include -O3 -DNDEBUG -D_DRAKE_COMPILE -DAPPLICATION=merge -DTASK_MODULE=presort -DTASK_NAME=leaf_1 -o drakecc_merge_leaf_1.e presort.c
presort.c:29:2: warning: #warning Disabling debug output [-Wcpp]
#warning Disabling debug output
^
gcc -c -isystem ../include -O3 -DNDEBUG -D_DRAKE_COMPILE -DAPPLICATION=merge -DTASK_MODULE=presort -DTASK_NAME=leaf_1 -o drakecc_merge_leaf_1.o presort.c
presort.c:29:2: warning: #warning Disabling debug output [-Wcpp]
#warning Disabling debug output
^
gcc -M -isystem ../include -O3 -DNDEBUG -D_DRAKE_COMPILE -DAPPLICATION=merge -DTASK_MODULE=presort -DTASK_NAME=leaf_1 presort.c -MF drakecc_merge_leaf_1.d
gcc -E -isystem ../include -O3 -DNDEBUG -D_DRAKE_COMPILE -DAPPLICATION=merge -DTASK_MODULE=presort -DTASK_NAME=leaf_2 -o drakecc_merge_leaf_2.e presort.c
presort.c:29:2: warning: #warning Disabling debug output [-Wcpp]
#warning Disabling debug output
^
gcc -c -isystem ../include -O3 -DNDEBUG -D_DRAKE_COMPILE -DAPPLICATION=merge -DTASK_MODULE=presort -DTASK_NAME=leaf_2 -o drakecc_merge_leaf_2.o presort.c
presort.c:29:2: warning: #warning Disabling debug output [-Wcpp]
#warning Disabling debug output
^
gcc -M -isystem ../include -O3 -DNDEBUG -D_DRAKE_COMPILE -DAPPLICATION=merge -DTASK_MODULE=presort -DTASK_NAME=leaf_2 presort.c -MF drakecc_merge_leaf_2.d
gcc -E -isystem ../include -O3 -DNDEBUG -D_DRAKE_COMPILE -DAPPLICATION=merge -DTASK_MODULE=merge -DTASK_NAME=root -o drakecc_merge_root.e merge.c
gcc -c -isystem ../include -O3 -DNDEBUG -D_DRAKE_COMPILE -DAPPLICATION=merge -DTASK_MODULE=merge -DTASK_NAME=root -o drakecc_merge_root.o merge.c
gcc -M -isystem ../include -O3 -DNDEBUG -D_DRAKE_COMPILE -DAPPLICATION=merge -DTASK_MODULE=merge -DTASK_NAME=root merge.c -MF drakecc_merge_root.d
pelib-convert --input --lib platform-ampl_input --file platform-2.dat --input --lib taskgraph-graphml --file merge-2.graphml --input --lib schedule-xml --file schedule-2.xml --output --lib schedule-drake --file merge.schedule.c
gcc -E -isystem ../include -O3 -DNDEBUG -DAPPLICATION=merge -o drakecc_merge.schedule.e merge.schedule.c
gcc -c -isystem ../include -O3 -DNDEBUG -DAPPLICATION=merge -o drakecc_merge.schedule.o merge.schedule.c
gcc -M -isystem ../include -O3 -DNDEBUG -DAPPLICATION=merge merge.schedule.c -MF drakecc_merge.schedule.d
ld -r -b binary -o merge-2.graphml.o merge-2.graphml
ld -r -b binary -o platform-2.dat.o platform-2.dat
ar rs libmerge.a drakecc_merge_leaf_1.o drakecc_merge_leaf_2.o drakecc_merge_root.o drakecc_merge.schedule.o drakecc_merge_leaf_1.o drakecc_merge_leaf_2.o drakecc_merge_root.o drakecc_merge.schedule.o
ar: creating libmerge.a
g++ -o p2-drake-sort -L. -L. bincxx_drake-sort_sort.o bincxx_drake-sort_drake-sort.o bincxx_drake-sort_utils.o -lmerge -pthread -L/home/nicme26/tddd56/lib -ldrake-intel-ia -ldrake -lpelib-core -lboost_graph -lboost_regex -lrapl -lm -lrt
g++ -E -isystem ../include -O3 -DNDEBUG -DDRAKE_IA_SHARED_SIZE=262144 -DDRAKE_IA_LINE_SIZE=64 -I/home/nicme26/tddd56/include -DNB_THREADS=2 -o bincxx_parallel-sort_sort.e sort.cpp
g++ -c -isystem ../include -O3 -DNDEBUG -DDRAKE_IA_SHARED_SIZE=262144 -DDRAKE_IA_LINE_SIZE=64 -I/home/nicme26/tddd56/include -DNB_THREADS=2 -o bincxx_parallel-sort_sort.o sort.cpp
g++ -M -isystem ../include -O3 -DNDEBUG -DDRAKE_IA_SHARED_SIZE=262144 -DDRAKE_IA_LINE_SIZE=64 -I/home/nicme26/tddd56/include -DNB_THREADS=2 sort.cpp -MF bincxx_parallel-sort_sort.d
gcc -E -isystem ../include -O3 -DNDEBUG -DNB_THREADS=2 -o bincxx_parallel-sort_parallel-sort.e parallel-sort.c
gcc -c -isystem ../include -O3 -DNDEBUG -DNB_THREADS=2 -o bincxx_parallel-sort_parallel-sort.o parallel-sort.c
gcc -M -isystem ../include -O3 -DNDEBUG -DNB_THREADS=2 parallel-sort.c -MF bincxx_parallel-sort_parallel-sort.d
gcc -E -isystem ../include -O3 -DNDEBUG -DNB_THREADS=2 -o bincxx_parallel-sort_utils.e utils.c
gcc -c -isystem ../include -O3 -DNDEBUG -DNB_THREADS=2 -o bincxx_parallel-sort_utils.o utils.c
gcc -M -isystem ../include -O3 -DNDEBUG -DNB_THREADS=2 utils.c -MF bincxx_parallel-sort_utils.d
g++ -o p2-parallel-sort -L. bincxx_parallel-sort_sort.o bincxx_parallel-sort_parallel-sort.o bincxx_parallel-sort_utils.o -pthread -L/home/nicme26/tddd56/lib -ldrake-intel-ia -ldrake -lpelib-core -lboost_graph -lboost_regex -lrapl -lm -lrt
echo Makefile Makefile.in
Makefile Makefile.in
echo prefix=/home/nicme26/tddd56 > merge.pc
echo exec_prefix= >> merge.pc
echo libdir='$'{prefix}/lib >> merge.pc
echo includedir='$'{prefix}/include >> merge.pc
echo >> merge.pc
echo Name: libmerge >> merge.pc
echo Description: General PELAB in library research used utility >> merge.pc
echo Version: 1.0.0 >> merge.pc
echo URL: >> merge.pc
echo Libs: -L'$'{libdir} -lmerge >> merge.pc
echo Libs.private: >> merge.pc
echo Requires: >> merge.pc
echo Requires.private: >> merge.pc
echo Conflicts: >> merge.pc
echo Cflags: -I'$'{includedir} >> merge.pc
make[1]: Leaving directory `/home/matzi633/Documents/test_multicore/Multicore_and_gpu/new_Lab3/src'
make[1]: Entering directory `/home/matzi633/Documents/test_multicore/Multicore_and_gpu/new_Lab3/include'
make[1]: Leaving directory `/home/matzi633/Documents/test_multicore/Multicore_and_gpu/new_Lab3/include'
OK. 7.00 sec finished on 12/07/16 15:41:59; approx. 48.22 sec left (0.80 minutes)
[INFO] Setting 26/96: nb_threads=2 pattern=uniform-random size=1024 value=123456 input_instance=2... OK. 0.00 sec finished on 12/07/16 15:41:59; approx. 45.89 sec left (0.76 minutes)
[INFO] Setting 27/96: nb_threads=2 pattern=uniform-random size=4096 value=123456 input_instance=1... OK. 0.00 sec finished on 12/07/16 15:41:59; approx. 43.70 sec left (0.73 minutes)
[INFO] Setting 28/96: nb_threads=2 pattern=uniform-random size=4096 value=123456 input_instance=2... OK. 0.00 sec finished on 12/07/16 15:41:59; approx. 41.65 sec left (0.69 minutes)
[INFO] Setting 29/96: nb_threads=2 pattern=uniform-random size=16384 value=123456 input_instance=1... OK. 0.00 sec finished on 12/07/16 15:41:59; approx. 39.75 sec left (0.66 minutes)
[INFO] Setting 30/96: nb_threads=2 pattern=uniform-random size=16384 value=123456 input_instance=2... OK. 0.00 sec finished on 12/07/16 15:41:59; approx. 37.97 sec left (0.63 minutes)
[INFO] Setting 31/96: nb_threads=2 pattern=increasing size=1024 value=123456 input_instance=1... OK. 0.00 sec finished on 12/07/16 15:41:59; approx. 36.31 sec left (0.61 minutes)
[INFO] Setting 33/96: nb_threads=2 pattern=increasing size=4096 value=123456 input_instance=1... OK. 0.00 sec finished on 12/07/16 15:41:59; approx. 33.22 sec left (0.55 minutes)
[INFO] Setting 35/96: nb_threads=2 pattern=increasing size=16384 value=123456 input_instance=1... OK. 0.01 sec finished on 12/07/16 15:42:00; approx. 30.47 sec left (0.51 minutes)
[INFO] Setting 37/96: nb_threads=2 pattern=decreasing size=1024 value=123456 input_instance=1... OK. 0.00 sec finished on 12/07/16 15:42:00; approx. 28.01 sec left (0.47 minutes)
[INFO] Setting 39/96: nb_threads=2 pattern=decreasing size=4096 value=123456 input_instance=1... OK. 0.00 sec finished on 12/07/16 15:42:00; approx. 25.79 sec left (0.43 minutes)
[INFO] Setting 41/96: nb_threads=2 pattern=decreasing size=16384 value=123456 input_instance=1... OK. 0.00 sec finished on 12/07/16 15:42:00; approx. 23.79 sec left (0.40 minutes)
[INFO] Setting 43/96: nb_threads=2 pattern=constant size=1024 value=123456 input_instance=1... OK. 0.00 sec finished on 12/07/16 15:42:00; approx. 21.95 sec left (0.37 minutes)
[INFO] Setting 45/96: nb_threads=2 pattern=constant size=4096 value=123456 input_instance=1... OK. 0.00 sec finished on 12/07/16 15:42:00; approx. 20.27 sec left (0.34 minutes)
[INFO] Setting 47/96: nb_threads=2 pattern=constant size=16384 value=123456 input_instance=1... OK. 0.00 sec finished on 12/07/16 15:42:00; approx. 18.73 sec left (0.31 minutes)
[INFO] Setting 49/96: nb_threads=3 pattern=uniform-random size=1024 value=123456 input_instance=1... make[1]: Entering directory `/home/matzi633/Documents/test_multicore/Multicore_and_gpu/new_Lab3/src'
rm -f bincc_generate_generate.o bincxx_drake-sort_drake-sort.o bincxx_drake-sort_utils.o bincxx_parallel-sort_parallel-sort.o bincxx_parallel-sort_utils.o drakecc_merge_task_1.o drakecc_merge_task_2.o drakecc_merge_task_3.o drakecc_merge_task_4.o drakecc_merge_task_5.o drakecc_merge_task_6.o drakecc_merge_task_7.o drakecc_merge_task_8.o drakecc_merge_task_9.o drakecc_merge_task_10.o drakecc_merge_task_11.o drakecc_merge_task_12.o drakecc_merge_task_13.o drakecc_merge_task_14.o drakecc_merge_task_15.o drakecc_merge.schedule.o bincc_generate_generate.d bincxx_drake-sort_drake-sort.d bincxx_drake-sort_utils.d bincxx_parallel-sort_parallel-sort.d bincxx_parallel-sort_utils.d drakecc_merge_task_1.d drakecc_merge_task_2.d drakecc_merge_task_3.d drakecc_merge_task_4.d drakecc_merge_task_5.d drakecc_merge_task_6.d drakecc_merge_task_7.d drakecc_merge_task_8.d drakecc_merge_task_9.d drakecc_merge_task_10.d drakecc_merge_task_11.d drakecc_merge_task_12.d drakecc_merge_task_13.d drakecc_merge_task_14.d drakecc_merge_task_15.d drakecc_merge.schedule.d bincc_generate_generate.e bincxx_drake-sort_drake-sort.e bincxx_drake-sort_utils.e bincxx_parallel-sort_parallel-sort.e bincxx_parallel-sort_utils.e drakecc_merge_task_1.e drakecc_merge_task_2.e drakecc_merge_task_3.e drakecc_merge_task_4.e drakecc_merge_task_5.e drakecc_merge_task_6.e drakecc_merge_task_7.e drakecc_merge_task_8.e drakecc_merge_task_9.e drakecc_merge_task_10.e drakecc_merge_task_11.e drakecc_merge_task_12.e drakecc_merge_task_13.e drakecc_merge_task_14.e drakecc_merge_task_15.e drakecc_merge.schedule.e
rm -f bincxx_drake-sort_sort.o bincxx_parallel-sort_sort.o bincxx_drake-sort_sort.d bincxx_parallel-sort_sort.d bincxx_drake-sort_sort.e bincxx_parallel-sort_sort.e
rm -f merge.pc
rm -f merge.schedule.c merge.taskgraph.graphml merge.schedule.xml
rm -f merge-3.graphml.o platform-3.dat.o
rm -f
rm -f generate p3-drake-sort p3-parallel-sort
rm -f libmerge.a
rm -f
rm -f *.o *.txt *.fig *.bin *.e *.d *.obj
make[1]: Leaving directory `/home/matzi633/Documents/test_multicore/Multicore_and_gpu/new_Lab3/src'
make[1]: Entering directory `/home/matzi633/Documents/test_multicore/Multicore_and_gpu/new_Lab3/include'
make[1]: Leaving directory `/home/matzi633/Documents/test_multicore/Multicore_and_gpu/new_Lab3/include'
rm -f -r /home/matzi633/Documents/test_multicore/Multicore_and_gpu/new_Lab3/Lab3-1.0.0
rm -f /home/matzi633/Documents/test_multicore/Multicore_and_gpu/new_Lab3/Lab3-1.0.0.tar.gz
make NB_THREADS=3 VARIANT_parallel-sort=p3- DRAKE_PLATFORM=platform-3.dat DRAKE_SCHEDULE=schedule-3.xml DRAKE_TASKGRAPH=merge-3.graphml VARIANT_drake-sort=p3-
make[1]: Entering directory `/home/matzi633/Documents/test_multicore/Multicore_and_gpu/new_Lab3/src'
gcc -E -isystem ../include -O3 -DNDEBUG -I/home/nicme26/tddd56/include -o bincc_generate_generate.e generate.c
gcc -c -isystem ../include -O3 -DNDEBUG -I/home/nicme26/tddd56/include -o bincc_generate_generate.o generate.c
gcc -M -isystem ../include -O3 -DNDEBUG -I/home/nicme26/tddd56/include generate.c -MF bincc_generate_generate.d
gcc -o generate -L. bincc_generate_generate.o -L/home/nicme26/tddd56/lib -lpelib-core -lboost_graph -lboost_regex -lm
g++ -E -isystem ../include -O3 -DNDEBUG -DDRAKE_IA_SHARED_SIZE=262144 -DDRAKE_IA_LINE_SIZE=64 -I/home/nicme26/tddd56/include -DNB_THREADS=3 -UNB_THREADS -DNB_THREADS=0 -o bincxx_drake-sort_sort.e sort.cpp
g++ -c -isystem ../include -O3 -DNDEBUG -DDRAKE_IA_SHARED_SIZE=262144 -DDRAKE_IA_LINE_SIZE=64 -I/home/nicme26/tddd56/include -DNB_THREADS=3 -UNB_THREADS -DNB_THREADS=0 -o bincxx_drake-sort_sort.o sort.cpp
g++ -M -isystem ../include -O3 -DNDEBUG -DDRAKE_IA_SHARED_SIZE=262144 -DDRAKE_IA_LINE_SIZE=64 -I/home/nicme26/tddd56/include -DNB_THREADS=3 -UNB_THREADS -DNB_THREADS=0 sort.cpp -MF bincxx_drake-sort_sort.d
gcc -E -isystem ../include -O3 -DNDEBUG -DNB_THREADS=3 -o bincxx_drake-sort_drake-sort.e drake-sort.c
gcc -c -isystem ../include -O3 -DNDEBUG -DNB_THREADS=3 -o bincxx_drake-sort_drake-sort.o drake-sort.c
gcc -M -isystem ../include -O3 -DNDEBUG -DNB_THREADS=3 drake-sort.c -MF bincxx_drake-sort_drake-sort.d
gcc -E -isystem ../include -O3 -DNDEBUG -DNB_THREADS=3 -o bincxx_drake-sort_utils.e utils.c
gcc -c -isystem ../include -O3 -DNDEBUG -DNB_THREADS=3 -o bincxx_drake-sort_utils.o utils.c
gcc -M -isystem ../include -O3 -DNDEBUG -DNB_THREADS=3 utils.c -MF bincxx_drake-sort_utils.d
gcc -E -isystem ../include -O3 -DNDEBUG -D_DRAKE_COMPILE -DAPPLICATION=merge -DTASK_MODULE=merge -DTASK_NAME=task_1 -o drakecc_merge_task_1.e merge.c
gcc -c -isystem ../include -O3 -DNDEBUG -D_DRAKE_COMPILE -DAPPLICATION=merge -DTASK_MODULE=merge -DTASK_NAME=task_1 -o drakecc_merge_task_1.o merge.c
gcc -M -isystem ../include -O3 -DNDEBUG -D_DRAKE_COMPILE -DAPPLICATION=merge -DTASK_MODULE=merge -DTASK_NAME=task_1 merge.c -MF drakecc_merge_task_1.d
gcc -E -isystem ../include -O3 -DNDEBUG -D_DRAKE_COMPILE -DAPPLICATION=merge -DTASK_MODULE=merge -DTASK_NAME=task_2 -o drakecc_merge_task_2.e merge.c
gcc -c -isystem ../include -O3 -DNDEBUG -D_DRAKE_COMPILE -DAPPLICATION=merge -DTASK_MODULE=merge -DTASK_NAME=task_2 -o drakecc_merge_task_2.o merge.c
gcc -M -isystem ../include -O3 -DNDEBUG -D_DRAKE_COMPILE -DAPPLICATION=merge -DTASK_MODULE=merge -DTASK_NAME=task_2 merge.c -MF drakecc_merge_task_2.d
gcc -E -isystem ../include -O3 -DNDEBUG -D_DRAKE_COMPILE -DAPPLICATION=merge -DTASK_MODULE=merge -DTASK_NAME=task_3 -o drakecc_merge_task_3.e merge.c
gcc -c -isystem ../include -O3 -DNDEBUG -D_DRAKE_COMPILE -DAPPLICATION=merge -DTASK_MODULE=merge -DTASK_NAME=task_3 -o drakecc_merge_task_3.o merge.c
gcc -M -isystem ../include -O3 -DNDEBUG -D_DRAKE_COMPILE -DAPPLICATION=merge -DTASK_MODULE=merge -DTASK_NAME=task_3 merge.c -MF drakecc_merge_task_3.d
gcc -E -isystem ../include -O3 -DNDEBUG -D_DRAKE_COMPILE -DAPPLICATION=merge -DTASK_MODULE=merge -DTASK_NAME=task_4 -o drakecc_merge_task_4.e merge.c
gcc -c -isystem ../include -O3 -DNDEBUG -D_DRAKE_COMPILE -DAPPLICATION=merge -DTASK_MODULE=merge -DTASK_NAME=task_4 -o drakecc_merge_task_4.o merge.c
gcc -M -isystem ../include -O3 -DNDEBUG -D_DRAKE_COMPILE -DAPPLICATION=merge -DTASK_MODULE=merge -DTASK_NAME=task_4 merge.c -MF drakecc_merge_task_4.d
gcc -E -isystem ../include -O3 -DNDEBUG -D_DRAKE_COMPILE -DAPPLICATION=merge -DTASK_MODULE=merge -DTASK_NAME=task_5 -o drakecc_merge_task_5.e merge.c
gcc -c -isystem ../include -O3 -DNDEBUG -D_DRAKE_COMPILE -DAPPLICATION=merge -DTASK_MODULE=merge -DTASK_NAME=task_5 -o drakecc_merge_task_5.o merge.c
gcc -M -isystem ../include -O3 -DNDEBUG -D_DRAKE_COMPILE -DAPPLICATION=merge -DTASK_MODULE=merge -DTASK_NAME=task_5 merge.c -MF drakecc_merge_task_5.d
gcc -E -isystem ../include -O3 -DNDEBUG -D_DRAKE_COMPILE -DAPPLICATION=merge -DTASK_MODULE=merge -DTASK_NAME=task_6 -o drakecc_merge_task_6.e merge.c
gcc -c -isystem ../include -O3 -DNDEBUG -D_DRAKE_COMPILE -DAPPLICATION=merge -DTASK_MODULE=merge -DTASK_NAME=task_6 -o drakecc_merge_task_6.o merge.c
gcc -M -isystem ../include -O3 -DNDEBUG -D_DRAKE_COMPILE -DAPPLICATION=merge -DTASK_MODULE=merge -DTASK_NAME=task_6 merge.c -MF drakecc_merge_task_6.d
gcc -E -isystem ../include -O3 -DNDEBUG -D_DRAKE_COMPILE -DAPPLICATION=merge -DTASK_MODULE=merge -DTASK_NAME=task_7 -o drakecc_merge_task_7.e merge.c
gcc -c -isystem ../include -O3 -DNDEBUG -D_DRAKE_COMPILE -DAPPLICATION=merge -DTASK_MODULE=merge -DTASK_NAME=task_7 -o drakecc_merge_task_7.o merge.c
gcc -M -isystem ../include -O3 -DNDEBUG -D_DRAKE_COMPILE -DAPPLICATION=merge -DTASK_MODULE=merge -DTASK_NAME=task_7 merge.c -MF drakecc_merge_task_7.d
gcc -E -isystem ../include -O3 -DNDEBUG -D_DRAKE_COMPILE -DAPPLICATION=merge -DTASK_MODULE=merge -DTASK_NAME=task_8 -o drakecc_merge_task_8.e merge.c
gcc -c -isystem ../include -O3 -DNDEBUG -D_DRAKE_COMPILE -DAPPLICATION=merge -DTASK_MODULE=merge -DTASK_NAME=task_8 -o drakecc_merge_task_8.o merge.c
gcc -M -isystem ../include -O3 -DNDEBUG -D_DRAKE_COMPILE -DAPPLICATION=merge -DTASK_MODULE=merge -DTASK_NAME=task_8 merge.c -MF drakecc_merge_task_8.d
gcc -E -isystem ../include -O3 -DNDEBUG -D_DRAKE_COMPILE -DAPPLICATION=merge -DTASK_MODULE=merge -DTASK_NAME=task_9 -o drakecc_merge_task_9.e merge.c
gcc -c -isystem ../include -O3 -DNDEBUG -D_DRAKE_COMPILE -DAPPLICATION=merge -DTASK_MODULE=merge -DTASK_NAME=task_9 -o drakecc_merge_task_9.o merge.c
gcc -M -isystem ../include -O3 -DNDEBUG -D_DRAKE_COMPILE -DAPPLICATION=merge -DTASK_MODULE=merge -DTASK_NAME=task_9 merge.c -MF drakecc_merge_task_9.d
gcc -E -isystem ../include -O3 -DNDEBUG -D_DRAKE_COMPILE -DAPPLICATION=merge -DTASK_MODULE=merge -DTASK_NAME=task_10 -o drakecc_merge_task_10.e merge.c
gcc -c -isystem ../include -O3 -DNDEBUG -D_DRAKE_COMPILE -DAPPLICATION=merge -DTASK_MODULE=merge -DTASK_NAME=task_10 -o drakecc_merge_task_10.o merge.c
gcc -M -isystem ../include -O3 -DNDEBUG -D_DRAKE_COMPILE -DAPPLICATION=merge -DTASK_MODULE=merge -DTASK_NAME=task_10 merge.c -MF drakecc_merge_task_10.d
gcc -E -isystem ../include -O3 -DNDEBUG -D_DRAKE_COMPILE -DAPPLICATION=merge -DTASK_MODULE=merge -DTASK_NAME=task_11 -o drakecc_merge_task_11.e merge.c
gcc -c -isystem ../include -O3 -DNDEBUG -D_DRAKE_COMPILE -DAPPLICATION=merge -DTASK_MODULE=merge -DTASK_NAME=task_11 -o drakecc_merge_task_11.o merge.c
gcc -M -isystem ../include -O3 -DNDEBUG -D_DRAKE_COMPILE -DAPPLICATION=merge -DTASK_MODULE=merge -DTASK_NAME=task_11 merge.c -MF drakecc_merge_task_11.d
gcc -E -isystem ../include -O3 -DNDEBUG -D_DRAKE_COMPILE -DAPPLICATION=merge -DTASK_MODULE=merge -DTASK_NAME=task_12 -o drakecc_merge_task_12.e merge.c
gcc -c -isystem ../include -O3 -DNDEBUG -D_DRAKE_COMPILE -DAPPLICATION=merge -DTASK_MODULE=merge -DTASK_NAME=task_12 -o drakecc_merge_task_12.o merge.c
gcc -M -isystem ../include -O3 -DNDEBUG -D_DRAKE_COMPILE -DAPPLICATION=merge -DTASK_MODULE=merge -DTASK_NAME=task_12 merge.c -MF drakecc_merge_task_12.d
gcc -E -isystem ../include -O3 -DNDEBUG -D_DRAKE_COMPILE -DAPPLICATION=merge -DTASK_MODULE=merge -DTASK_NAME=task_13 -o drakecc_merge_task_13.e merge.c
gcc -c -isystem ../include -O3 -DNDEBUG -D_DRAKE_COMPILE -DAPPLICATION=merge -DTASK_MODULE=merge -DTASK_NAME=task_13 -o drakecc_merge_task_13.o merge.c
gcc -M -isystem ../include -O3 -DNDEBUG -D_DRAKE_COMPILE -DAPPLICATION=merge -DTASK_MODULE=merge -DTASK_NAME=task_13 merge.c -MF drakecc_merge_task_13.d
gcc -E -isystem ../include -O3 -DNDEBUG -D_DRAKE_COMPILE -DAPPLICATION=merge -DTASK_MODULE=merge -DTASK_NAME=task_14 -o drakecc_merge_task_14.e merge.c
gcc -c -isystem ../include -O3 -DNDEBUG -D_DRAKE_COMPILE -DAPPLICATION=merge -DTASK_MODULE=merge -DTASK_NAME=task_14 -o drakecc_merge_task_14.o merge.c
gcc -M -isystem ../include -O3 -DNDEBUG -D_DRAKE_COMPILE -DAPPLICATION=merge -DTASK_MODULE=merge -DTASK_NAME=task_14 merge.c -MF drakecc_merge_task_14.d
gcc -E -isystem ../include -O3 -DNDEBUG -D_DRAKE_COMPILE -DAPPLICATION=merge -DTASK_MODULE=merge -DTASK_NAME=task_15 -o drakecc_merge_task_15.e merge.c
gcc -c -isystem ../include -O3 -DNDEBUG -D_DRAKE_COMPILE -DAPPLICATION=merge -DTASK_MODULE=merge -DTASK_NAME=task_15 -o drakecc_merge_task_15.o merge.c
gcc -M -isystem ../include -O3 -DNDEBUG -D_DRAKE_COMPILE -DAPPLICATION=merge -DTASK_MODULE=merge -DTASK_NAME=task_15 merge.c -MF drakecc_merge_task_15.d
pelib-convert --input --lib platform-ampl_input --file platform-3.dat --input --lib taskgraph-graphml --file merge-3.graphml --input --lib schedule-xml --file schedule-3.xml --output --lib schedule-drake --file merge.schedule.c
gcc -E -isystem ../include -O3 -DNDEBUG -DAPPLICATION=merge -o drakecc_merge.schedule.e merge.schedule.c
gcc -c -isystem ../include -O3 -DNDEBUG -DAPPLICATION=merge -o drakecc_merge.schedule.o merge.schedule.c
merge.schedule.c: In function ‘drake_schedule_init_merge’:
merge.schedule.c:367:35: warning: integer constant is so large that it is unsigned [enabled by default]
schedule->consumers_rate[1][0] = 9223372036854775808;
^
merge.schedule.c:367:2: warning: this decimal constant is unsigned only in ISO C90 [enabled by default]
schedule->consumers_rate[1][0] = 9223372036854775808;
^
merge.schedule.c:373:35: warning: integer constant is so large that it is unsigned [enabled by default]
schedule->consumers_rate[2][0] = 9223372036854775808;
^
merge.schedule.c:373:2: warning: this decimal constant is unsigned only in ISO C90 [enabled by default]
schedule->consumers_rate[2][0] = 9223372036854775808;
^
merge.schedule.c:379:35: warning: integer constant is so large that it is unsigned [enabled by default]
schedule->consumers_rate[3][0] = 9223372036854775808;
^
merge.schedule.c:379:2: warning: this decimal constant is unsigned only in ISO C90 [enabled by default]
schedule->consumers_rate[3][0] = 9223372036854775808;
^
merge.schedule.c:385:35: warning: integer constant is so large that it is unsigned [enabled by default]
schedule->consumers_rate[4][0] = 9223372036854775808;
^
merge.schedule.c:385:2: warning: this decimal constant is unsigned only in ISO C90 [enabled by default]
schedule->consumers_rate[4][0] = 9223372036854775808;
^
merge.schedule.c:391:35: warning: integer constant is so large that it is unsigned [enabled by default]
schedule->consumers_rate[5][0] = 9223372036854775808;
^
merge.schedule.c:391:2: warning: this decimal constant is unsigned only in ISO C90 [enabled by default]
schedule->consumers_rate[5][0] = 9223372036854775808;
^
merge.schedule.c:397:35: warning: integer constant is so large that it is unsigned [enabled by default]
schedule->consumers_rate[6][0] = 9223372036854775808;
^
merge.schedule.c:397:2: warning: this decimal constant is unsigned only in ISO C90 [enabled by default]
schedule->consumers_rate[6][0] = 9223372036854775808;
^
merge.schedule.c:403:35: warning: integer constant is so large that it is unsigned [enabled by default]
schedule->consumers_rate[7][0] = 9223372036854775808;
^
merge.schedule.c:403:2: warning: this decimal constant is unsigned only in ISO C90 [enabled by default]
schedule->consumers_rate[7][0] = 9223372036854775808;
^
merge.schedule.c:409:35: warning: integer constant is so large that it is unsigned [enabled by default]
schedule->consumers_rate[8][0] = 9223372036854775808;
^
merge.schedule.c:409:2: warning: this decimal constant is unsigned only in ISO C90 [enabled by default]
schedule->consumers_rate[8][0] = 9223372036854775808;
^
merge.schedule.c:415:35: warning: integer constant is so large that it is unsigned [enabled by default]
schedule->consumers_rate[9][0] = 9223372036854775808;
^
merge.schedule.c:415:2: warning: this decimal constant is unsigned only in ISO C90 [enabled by default]
schedule->consumers_rate[9][0] = 9223372036854775808;
^
merge.schedule.c:421:36: warning: integer constant is so large that it is unsigned [enabled by default]
schedule->consumers_rate[10][0] = 9223372036854775808;
^
merge.schedule.c:421:2: warning: this decimal constant is unsigned only in ISO C90 [enabled by default]
schedule->consumers_rate[10][0] = 9223372036854775808;
^
merge.schedule.c:427:36: warning: integer constant is so large that it is unsigned [enabled by default]
schedule->consumers_rate[11][0] = 9223372036854775808;
^
merge.schedule.c:427:2: warning: this decimal constant is unsigned only in ISO C90 [enabled by default]
schedule->consumers_rate[11][0] = 9223372036854775808;
^
merge.schedule.c:433:36: warning: integer constant is so large that it is unsigned [enabled by default]
schedule->consumers_rate[12][0] = 9223372036854775808;
^
merge.schedule.c:433:2: warning: this decimal constant is unsigned only in ISO C90 [enabled by default]
schedule->consumers_rate[12][0] = 9223372036854775808;
^
merge.schedule.c:439:36: warning: integer constant is so large that it is unsigned [enabled by default]
schedule->consumers_rate[13][0] = 9223372036854775808;
^
merge.schedule.c:439:2: warning: this decimal constant is unsigned only in ISO C90 [enabled by default]
schedule->consumers_rate[13][0] = 9223372036854775808;
^
merge.schedule.c:445:36: warning: integer constant is so large that it is unsigned [enabled by default]
schedule->consumers_rate[14][0] = 9223372036854775808;
^
merge.schedule.c:445:2: warning: this decimal constant is unsigned only in ISO C90 [enabled by default]
schedule->consumers_rate[14][0] = 9223372036854775808;
^
gcc -M -isystem ../include -O3 -DNDEBUG -DAPPLICATION=merge merge.schedule.c -MF drakecc_merge.schedule.d
ld -r -b binary -o merge-3.graphml.o merge-3.graphml
ld -r -b binary -o platform-3.dat.o platform-3.dat
ar rs libmerge.a drakecc_merge_task_1.o drakecc_merge_task_2.o drakecc_merge_task_3.o drakecc_merge_task_4.o drakecc_merge_task_5.o drakecc_merge_task_6.o drakecc_merge_task_7.o drakecc_merge_task_8.o drakecc_merge_task_9.o drakecc_merge_task_10.o drakecc_merge_task_11.o drakecc_merge_task_12.o drakecc_merge_task_13.o drakecc_merge_task_14.o drakecc_merge_task_15.o drakecc_merge.schedule.o drakecc_merge_task_1.o drakecc_merge_task_2.o drakecc_merge_task_3.o drakecc_merge_task_4.o drakecc_merge_task_5.o drakecc_merge_task_6.o drakecc_merge_task_7.o drakecc_merge_task_8.o drakecc_merge_task_9.o drakecc_merge_task_10.o drakecc_merge_task_11.o drakecc_merge_task_12.o drakecc_merge_task_13.o drakecc_merge_task_14.o drakecc_merge_task_15.o drakecc_merge.schedule.o
ar: creating libmerge.a
g++ -o p3-drake-sort -L. -L. bincxx_drake-sort_sort.o bincxx_drake-sort_drake-sort.o bincxx_drake-sort_utils.o -lmerge -pthread -L/home/nicme26/tddd56/lib -ldrake-intel-ia -ldrake -lpelib-core -lboost_graph -lboost_regex -lrapl -lm -lrt
g++ -E -isystem ../include -O3 -DNDEBUG -DDRAKE_IA_SHARED_SIZE=262144 -DDRAKE_IA_LINE_SIZE=64 -I/home/nicme26/tddd56/include -DNB_THREADS=3 -o bincxx_parallel-sort_sort.e sort.cpp
g++ -c -isystem ../include -O3 -DNDEBUG -DDRAKE_IA_SHARED_SIZE=262144 -DDRAKE_IA_LINE_SIZE=64 -I/home/nicme26/tddd56/include -DNB_THREADS=3 -o bincxx_parallel-sort_sort.o sort.cpp
g++ -M -isystem ../include -O3 -DNDEBUG -DDRAKE_IA_SHARED_SIZE=262144 -DDRAKE_IA_LINE_SIZE=64 -I/home/nicme26/tddd56/include -DNB_THREADS=3 sort.cpp -MF bincxx_parallel-sort_sort.d
gcc -E -isystem ../include -O3 -DNDEBUG -DNB_THREADS=3 -o bincxx_parallel-sort_parallel-sort.e parallel-sort.c
gcc -c -isystem ../include -O3 -DNDEBUG -DNB_THREADS=3 -o bincxx_parallel-sort_parallel-sort.o parallel-sort.c
gcc -M -isystem ../include -O3 -DNDEBUG -DNB_THREADS=3 parallel-sort.c -MF bincxx_parallel-sort_parallel-sort.d
gcc -E -isystem ../include -O3 -DNDEBUG -DNB_THREADS=3 -o bincxx_parallel-sort_utils.e utils.c
gcc -c -isystem ../include -O3 -DNDEBUG -DNB_THREADS=3 -o bincxx_parallel-sort_utils.o utils.c
gcc -M -isystem ../include -O3 -DNDEBUG -DNB_THREADS=3 utils.c -MF bincxx_parallel-sort_utils.d
g++ -o p3-parallel-sort -L. bincxx_parallel-sort_sort.o bincxx_parallel-sort_parallel-sort.o bincxx_parallel-sort_utils.o -pthread -L/home/nicme26/tddd56/lib -ldrake-intel-ia -ldrake -lpelib-core -lboost_graph -lboost_regex -lrapl -lm -lrt
echo Makefile Makefile.in
Makefile Makefile.in
echo prefix=/home/nicme26/tddd56 > merge.pc
echo exec_prefix= >> merge.pc
echo libdir='$'{prefix}/lib >> merge.pc
echo includedir='$'{prefix}/include >> merge.pc
echo >> merge.pc
echo Name: libmerge >> merge.pc
echo Description: General PELAB in library research used utility >> merge.pc
echo Version: 1.0.0 >> merge.pc
echo URL: >> merge.pc
echo Libs: -L'$'{libdir} -lmerge >> merge.pc
echo Libs.private: >> merge.pc
echo Requires: >> merge.pc
echo Requires.private: >> merge.pc
echo Conflicts: >> merge.pc
echo Cflags: -I'$'{includedir} >> merge.pc
make[1]: Leaving directory `/home/matzi633/Documents/test_multicore/Multicore_and_gpu/new_Lab3/src'
make[1]: Entering directory `/home/matzi633/Documents/test_multicore/Multicore_and_gpu/new_Lab3/include'
make[1]: Leaving directory `/home/matzi633/Documents/test_multicore/Multicore_and_gpu/new_Lab3/include'
OK. 23.51 sec finished on 12/07/16 15:42:24; approx. 39.86 sec left (0.66 minutes)
[INFO] Setting 50/96: nb_threads=3 pattern=uniform-random size=1024 value=123456 input_instance=2... OK. 0.01 sec finished on 12/07/16 15:42:24; approx. 38.29 sec left (0.64 minutes)
[INFO] Setting 51/96: nb_threads=3 pattern=uniform-random size=4096 value=123456 input_instance=1... OK. 0.00 sec finished on 12/07/16 15:42:24; approx. 36.77 sec left (0.61 minutes)
[INFO] Setting 52/96: nb_threads=3 pattern=uniform-random size=4096 value=123456 input_instance=2... OK. 0.00 sec finished on 12/07/16 15:42:24; approx. 35.31 sec left (0.59 minutes)
[INFO] Setting 53/96: nb_threads=3 pattern=uniform-random size=16384 value=123456 input_instance=1... OK. 0.00 sec finished on 12/07/16 15:42:24; approx. 33.90 sec left (0.56 minutes)
[INFO] Setting 54/96: nb_threads=3 pattern=uniform-random size=16384 value=123456 input_instance=2... OK. 0.00 sec finished on 12/07/16 15:42:24; approx. 32.54 sec left (0.54 minutes)
[INFO] Setting 55/96: nb_threads=3 pattern=increasing size=1024 value=123456 input_instance=1... OK. 0.00 sec finished on 12/07/16 15:42:24; approx. 31.23 sec left (0.52 minutes)
[INFO] Setting 57/96: nb_threads=3 pattern=increasing size=4096 value=123456 input_instance=1... OK. 0.00 sec finished on 12/07/16 15:42:24; approx. 28.72 sec left (0.48 minutes)
[INFO] Setting 59/96: nb_threads=3 pattern=increasing size=16384 value=123456 input_instance=1... OK. 0.00 sec finished on 12/07/16 15:42:24; approx. 26.38 sec left (0.44 minutes)
[INFO] Setting 61/96: nb_threads=3 pattern=decreasing size=1024 value=123456 input_instance=1... OK. 0.01 sec finished on 12/07/16 15:42:24; approx. 24.19 sec left (0.40 minutes)
[INFO] Setting 63/96: nb_threads=3 pattern=decreasing size=4096 value=123456 input_instance=1... OK. 0.00 sec finished on 12/07/16 15:42:24; approx. 22.12 sec left (0.37 minutes)
[INFO] Setting 65/96: nb_threads=3 pattern=decreasing size=16384 value=123456 input_instance=1... OK. 0.00 sec finished on 12/07/16 15:42:24; approx. 20.18 sec left (0.34 minutes)
[INFO] Setting 67/96: nb_threads=3 pattern=constant size=1024 value=123456 input_instance=1... OK. 0.00 sec finished on 12/07/16 15:42:24; approx. 18.35 sec left (0.31 minutes)
[INFO] Setting 69/96: nb_threads=3 pattern=constant size=4096 value=123456 input_instance=1... OK. 0.00 sec finished on 12/07/16 15:42:24; approx. 16.62 sec left (0.28 minutes)
[INFO] Setting 71/96: nb_threads=3 pattern=constant size=16384 value=123456 input_instance=1... OK. 0.00 sec finished on 12/07/16 15:42:25; approx. 14.98 sec left (0.25 minutes)
[INFO] Setting 73/96: nb_threads=4 pattern=uniform-random size=1024 value=123456 input_instance=1... make[1]: Entering directory `/home/matzi633/Documents/test_multicore/Multicore_and_gpu/new_Lab3/src'
rm -f bincc_generate_generate.o bincxx_drake-sort_drake-sort.o bincxx_drake-sort_utils.o bincxx_parallel-sort_parallel-sort.o bincxx_parallel-sort_utils.o drakecc_merge_task_1.o drakecc_merge_task_2.o drakecc_merge_task_3.o drakecc_merge_task_4.o drakecc_merge_task_5.o drakecc_merge_task_6.o drakecc_merge_task_7.o drakecc_merge_task_8.o drakecc_merge_task_9.o drakecc_merge_task_10.o drakecc_merge_task_11.o drakecc_merge_task_12.o drakecc_merge_task_13.o drakecc_merge_task_14.o drakecc_merge_task_15.o drakecc_merge.schedule.o bincc_generate_generate.d bincxx_drake-sort_drake-sort.d bincxx_drake-sort_utils.d bincxx_parallel-sort_parallel-sort.d bincxx_parallel-sort_utils.d drakecc_merge_task_1.d drakecc_merge_task_2.d drakecc_merge_task_3.d drakecc_merge_task_4.d drakecc_merge_task_5.d drakecc_merge_task_6.d drakecc_merge_task_7.d drakecc_merge_task_8.d drakecc_merge_task_9.d drakecc_merge_task_10.d drakecc_merge_task_11.d drakecc_merge_task_12.d drakecc_merge_task_13.d drakecc_merge_task_14.d drakecc_merge_task_15.d drakecc_merge.schedule.d bincc_generate_generate.e bincxx_drake-sort_drake-sort.e bincxx_drake-sort_utils.e bincxx_parallel-sort_parallel-sort.e bincxx_parallel-sort_utils.e drakecc_merge_task_1.e drakecc_merge_task_2.e drakecc_merge_task_3.e drakecc_merge_task_4.e drakecc_merge_task_5.e drakecc_merge_task_6.e drakecc_merge_task_7.e drakecc_merge_task_8.e drakecc_merge_task_9.e drakecc_merge_task_10.e drakecc_merge_task_11.e drakecc_merge_task_12.e drakecc_merge_task_13.e drakecc_merge_task_14.e drakecc_merge_task_15.e drakecc_merge.schedule.e
rm -f bincxx_drake-sort_sort.o bincxx_parallel-sort_sort.o bincxx_drake-sort_sort.d bincxx_parallel-sort_sort.d bincxx_drake-sort_sort.e bincxx_parallel-sort_sort.e
rm -f merge.pc
rm -f merge.schedule.c merge.taskgraph.graphml merge.schedule.xml
rm -f merge-4.graphml.o platform-4.dat.o
rm -f
rm -f generate p4-drake-sort p4-parallel-sort
rm -f libmerge.a
rm -f
rm -f *.o *.txt *.fig *.bin *.e *.d *.obj
make[1]: Leaving directory `/home/matzi633/Documents/test_multicore/Multicore_and_gpu/new_Lab3/src'
make[1]: Entering directory `/home/matzi633/Documents/test_multicore/Multicore_and_gpu/new_Lab3/include'
make[1]: Leaving directory `/home/matzi633/Documents/test_multicore/Multicore_and_gpu/new_Lab3/include'
rm -f -r /home/matzi633/Documents/test_multicore/Multicore_and_gpu/new_Lab3/Lab3-1.0.0
rm -f /home/matzi633/Documents/test_multicore/Multicore_and_gpu/new_Lab3/Lab3-1.0.0.tar.gz
make NB_THREADS=4 VARIANT_parallel-sort=p4- DRAKE_PLATFORM=platform-4.dat DRAKE_SCHEDULE=schedule-4.xml DRAKE_TASKGRAPH=merge-4.graphml VARIANT_drake-sort=p4-
make[1]: Entering directory `/home/matzi633/Documents/test_multicore/Multicore_and_gpu/new_Lab3/src'
gcc -E -isystem ../include -O3 -DNDEBUG -I/home/nicme26/tddd56/include -o bincc_generate_generate.e generate.c
gcc -c -isystem ../include -O3 -DNDEBUG -I/home/nicme26/tddd56/include -o bincc_generate_generate.o generate.c
gcc -M -isystem ../include -O3 -DNDEBUG -I/home/nicme26/tddd56/include generate.c -MF bincc_generate_generate.d
gcc -o generate -L. bincc_generate_generate.o -L/home/nicme26/tddd56/lib -lpelib-core -lboost_graph -lboost_regex -lm
g++ -E -isystem ../include -O3 -DNDEBUG -DDRAKE_IA_SHARED_SIZE=262144 -DDRAKE_IA_LINE_SIZE=64 -I/home/nicme26/tddd56/include -DNB_THREADS=4 -UNB_THREADS -DNB_THREADS=0 -o bincxx_drake-sort_sort.e sort.cpp
g++ -c -isystem ../include -O3 -DNDEBUG -DDRAKE_IA_SHARED_SIZE=262144 -DDRAKE_IA_LINE_SIZE=64 -I/home/nicme26/tddd56/include -DNB_THREADS=4 -UNB_THREADS -DNB_THREADS=0 -o bincxx_drake-sort_sort.o sort.cpp
g++ -M -isystem ../include -O3 -DNDEBUG -DDRAKE_IA_SHARED_SIZE=262144 -DDRAKE_IA_LINE_SIZE=64 -I/home/nicme26/tddd56/include -DNB_THREADS=4 -UNB_THREADS -DNB_THREADS=0 sort.cpp -MF bincxx_drake-sort_sort.d
gcc -E -isystem ../include -O3 -DNDEBUG -DNB_THREADS=4 -o bincxx_drake-sort_drake-sort.e drake-sort.c
gcc -c -isystem ../include -O3 -DNDEBUG -DNB_THREADS=4 -o bincxx_drake-sort_drake-sort.o drake-sort.c
gcc -M -isystem ../include -O3 -DNDEBUG -DNB_THREADS=4 drake-sort.c -MF bincxx_drake-sort_drake-sort.d
gcc -E -isystem ../include -O3 -DNDEBUG -DNB_THREADS=4 -o bincxx_drake-sort_utils.e utils.c
gcc -c -isystem ../include -O3 -DNDEBUG -DNB_THREADS=4 -o bincxx_drake-sort_utils.o utils.c
gcc -M -isystem ../include -O3 -DNDEBUG -DNB_THREADS=4 utils.c -MF bincxx_drake-sort_utils.d
gcc -E -isystem ../include -O3 -DNDEBUG -D_DRAKE_COMPILE -DAPPLICATION=merge -DTASK_MODULE=merge -DTASK_NAME=task_1 -o drakecc_merge_task_1.e merge.c
gcc -c -isystem ../include -O3 -DNDEBUG -D_DRAKE_COMPILE -DAPPLICATION=merge -DTASK_MODULE=merge -DTASK_NAME=task_1 -o drakecc_merge_task_1.o merge.c
gcc -M -isystem ../include -O3 -DNDEBUG -D_DRAKE_COMPILE -DAPPLICATION=merge -DTASK_MODULE=merge -DTASK_NAME=task_1 merge.c -MF drakecc_merge_task_1.d
gcc -E -isystem ../include -O3 -DNDEBUG -D_DRAKE_COMPILE -DAPPLICATION=merge -DTASK_MODULE=merge -DTASK_NAME=task_2 -o drakecc_merge_task_2.e merge.c
gcc -c -isystem ../include -O3 -DNDEBUG -D_DRAKE_COMPILE -DAPPLICATION=merge -DTASK_MODULE=merge -DTASK_NAME=task_2 -o drakecc_merge_task_2.o merge.c
gcc -M -isystem ../include -O3 -DNDEBUG -D_DRAKE_COMPILE -DAPPLICATION=merge -DTASK_MODULE=merge -DTASK_NAME=task_2 merge.c -MF drakecc_merge_task_2.d
gcc -E -isystem ../include -O3 -DNDEBUG -D_DRAKE_COMPILE -DAPPLICATION=merge -DTASK_MODULE=merge -DTASK_NAME=task_3 -o drakecc_merge_task_3.e merge.c
gcc -c -isystem ../include -O3 -DNDEBUG -D_DRAKE_COMPILE -DAPPLICATION=merge -DTASK_MODULE=merge -DTASK_NAME=task_3 -o drakecc_merge_task_3.o merge.c
gcc -M -isystem ../include -O3 -DNDEBUG -D_DRAKE_COMPILE -DAPPLICATION=merge -DTASK_MODULE=merge -DTASK_NAME=task_3 merge.c -MF drakecc_merge_task_3.d
gcc -E -isystem ../include -O3 -DNDEBUG -D_DRAKE_COMPILE -DAPPLICATION=merge -DTASK_MODULE=merge -DTASK_NAME=task_4 -o drakecc_merge_task_4.e merge.c
gcc -c -isystem ../include -O3 -DNDEBUG -D_DRAKE_COMPILE -DAPPLICATION=merge -DTASK_MODULE=merge -DTASK_NAME=task_4 -o drakecc_merge_task_4.o merge.c
gcc -M -isystem ../include -O3 -DNDEBUG -D_DRAKE_COMPILE -DAPPLICATION=merge -DTASK_MODULE=merge -DTASK_NAME=task_4 merge.c -MF drakecc_merge_task_4.d
gcc -E -isystem ../include -O3 -DNDEBUG -D_DRAKE_COMPILE -DAPPLICATION=merge -DTASK_MODULE=merge -DTASK_NAME=task_5 -o drakecc_merge_task_5.e merge.c
gcc -c -isystem ../include -O3 -DNDEBUG -D_DRAKE_COMPILE -DAPPLICATION=merge -DTASK_MODULE=merge -DTASK_NAME=task_5 -o drakecc_merge_task_5.o merge.c
gcc -M -isystem ../include -O3 -DNDEBUG -D_DRAKE_COMPILE -DAPPLICATION=merge -DTASK_MODULE=merge -DTASK_NAME=task_5 merge.c -MF drakecc_merge_task_5.d
gcc -E -isystem ../include -O3 -DNDEBUG -D_DRAKE_COMPILE -DAPPLICATION=merge -DTASK_MODULE=merge -DTASK_NAME=task_6 -o drakecc_merge_task_6.e merge.c
gcc -c -isystem ../include -O3 -DNDEBUG -D_DRAKE_COMPILE -DAPPLICATION=merge -DTASK_MODULE=merge -DTASK_NAME=task_6 -o drakecc_merge_task_6.o merge.c
gcc -M -isystem ../include -O3 -DNDEBUG -D_DRAKE_COMPILE -DAPPLICATION=merge -DTASK_MODULE=merge -DTASK_NAME=task_6 merge.c -MF drakecc_merge_task_6.d
gcc -E -isystem ../include -O3 -DNDEBUG -D_DRAKE_COMPILE -DAPPLICATION=merge -DTASK_MODULE=merge -DTASK_NAME=task_7 -o drakecc_merge_task_7.e merge.c
gcc -c -isystem ../include -O3 -DNDEBUG -D_DRAKE_COMPILE -DAPPLICATION=merge -DTASK_MODULE=merge -DTASK_NAME=task_7 -o drakecc_merge_task_7.o merge.c
gcc -M -isystem ../include -O3 -DNDEBUG -D_DRAKE_COMPILE -DAPPLICATION=merge -DTASK_MODULE=merge -DTASK_NAME=task_7 merge.c -MF drakecc_merge_task_7.d
gcc -E -isystem ../include -O3 -DNDEBUG -D_DRAKE_COMPILE -DAPPLICATION=merge -DTASK_MODULE=merge -DTASK_NAME=task_8 -o drakecc_merge_task_8.e merge.c
gcc -c -isystem ../include -O3 -DNDEBUG -D_DRAKE_COMPILE -DAPPLICATION=merge -DTASK_MODULE=merge -DTASK_NAME=task_8 -o drakecc_merge_task_8.o merge.c
gcc -M -isystem ../include -O3 -DNDEBUG -D_DRAKE_COMPILE -DAPPLICATION=merge -DTASK_MODULE=merge -DTASK_NAME=task_8 merge.c -MF drakecc_merge_task_8.d
gcc -E -isystem ../include -O3 -DNDEBUG -D_DRAKE_COMPILE -DAPPLICATION=merge -DTASK_MODULE=merge -DTASK_NAME=task_9 -o drakecc_merge_task_9.e merge.c
gcc -c -isystem ../include -O3 -DNDEBUG -D_DRAKE_COMPILE -DAPPLICATION=merge -DTASK_MODULE=merge -DTASK_NAME=task_9 -o drakecc_merge_task_9.o merge.c
gcc -M -isystem ../include -O3 -DNDEBUG -D_DRAKE_COMPILE -DAPPLICATION=merge -DTASK_MODULE=merge -DTASK_NAME=task_9 merge.c -MF drakecc_merge_task_9.d
gcc -E -isystem ../include -O3 -DNDEBUG -D_DRAKE_COMPILE -DAPPLICATION=merge -DTASK_MODULE=merge -DTASK_NAME=task_10 -o drakecc_merge_task_10.e merge.c
gcc -c -isystem ../include -O3 -DNDEBUG -D_DRAKE_COMPILE -DAPPLICATION=merge -DTASK_MODULE=merge -DTASK_NAME=task_10 -o drakecc_merge_task_10.o merge.c
gcc -M -isystem ../include -O3 -DNDEBUG -D_DRAKE_COMPILE -DAPPLICATION=merge -DTASK_MODULE=merge -DTASK_NAME=task_10 merge.c -MF drakecc_merge_task_10.d
gcc -E -isystem ../include -O3 -DNDEBUG -D_DRAKE_COMPILE -DAPPLICATION=merge -DTASK_MODULE=merge -DTASK_NAME=task_11 -o drakecc_merge_task_11.e merge.c
gcc -c -isystem ../include -O3 -DNDEBUG -D_DRAKE_COMPILE -DAPPLICATION=merge -DTASK_MODULE=merge -DTASK_NAME=task_11 -o drakecc_merge_task_11.o merge.c
gcc -M -isystem ../include -O3 -DNDEBUG -D_DRAKE_COMPILE -DAPPLICATION=merge -DTASK_MODULE=merge -DTASK_NAME=task_11 merge.c -MF drakecc_merge_task_11.d
gcc -E -isystem ../include -O3 -DNDEBUG -D_DRAKE_COMPILE -DAPPLICATION=merge -DTASK_MODULE=merge -DTASK_NAME=task_12 -o drakecc_merge_task_12.e merge.c
gcc -c -isystem ../include -O3 -DNDEBUG -D_DRAKE_COMPILE -DAPPLICATION=merge -DTASK_MODULE=merge -DTASK_NAME=task_12 -o drakecc_merge_task_12.o merge.c
gcc -M -isystem ../include -O3 -DNDEBUG -D_DRAKE_COMPILE -DAPPLICATION=merge -DTASK_MODULE=merge -DTASK_NAME=task_12 merge.c -MF drakecc_merge_task_12.d
gcc -E -isystem ../include -O3 -DNDEBUG -D_DRAKE_COMPILE -DAPPLICATION=merge -DTASK_MODULE=merge -DTASK_NAME=task_13 -o drakecc_merge_task_13.e merge.c
gcc -c -isystem ../include -O3 -DNDEBUG -D_DRAKE_COMPILE -DAPPLICATION=merge -DTASK_MODULE=merge -DTASK_NAME=task_13 -o drakecc_merge_task_13.o merge.c
gcc -M -isystem ../include -O3 -DNDEBUG -D_DRAKE_COMPILE -DAPPLICATION=merge -DTASK_MODULE=merge -DTASK_NAME=task_13 merge.c -MF drakecc_merge_task_13.d
gcc -E -isystem ../include -O3 -DNDEBUG -D_DRAKE_COMPILE -DAPPLICATION=merge -DTASK_MODULE=merge -DTASK_NAME=task_14 -o drakecc_merge_task_14.e merge.c
gcc -c -isystem ../include -O3 -DNDEBUG -D_DRAKE_COMPILE -DAPPLICATION=merge -DTASK_MODULE=merge -DTASK_NAME=task_14 -o drakecc_merge_task_14.o merge.c
gcc -M -isystem ../include -O3 -DNDEBUG -D_DRAKE_COMPILE -DAPPLICATION=merge -DTASK_MODULE=merge -DTASK_NAME=task_14 merge.c -MF drakecc_merge_task_14.d
gcc -E -isystem ../include -O3 -DNDEBUG -D_DRAKE_COMPILE -DAPPLICATION=merge -DTASK_MODULE=merge -DTASK_NAME=task_15 -o drakecc_merge_task_15.e merge.c
gcc -c -isystem ../include -O3 -DNDEBUG -D_DRAKE_COMPILE -DAPPLICATION=merge -DTASK_MODULE=merge -DTASK_NAME=task_15 -o drakecc_merge_task_15.o merge.c
gcc -M -isystem ../include -O3 -DNDEBUG -D_DRAKE_COMPILE -DAPPLICATION=merge -DTASK_MODULE=merge -DTASK_NAME=task_15 merge.c -MF drakecc_merge_task_15.d
pelib-convert --input --lib platform-ampl_input --file platform-4.dat --input --lib taskgraph-graphml --file merge-4.graphml --input --lib schedule-xml --file schedule-4.xml --output --lib schedule-drake --file merge.schedule.c
gcc -E -isystem ../include -O3 -DNDEBUG -DAPPLICATION=merge -o drakecc_merge.schedule.e merge.schedule.c
gcc -c -isystem ../include -O3 -DNDEBUG -DAPPLICATION=merge -o drakecc_merge.schedule.o merge.schedule.c
merge.schedule.c: In function ‘drake_schedule_init_merge’:
merge.schedule.c:370:35: warning: integer constant is so large that it is unsigned [enabled by default]
schedule->consumers_rate[1][0] = 9223372036854775808;
^
merge.schedule.c:370:2: warning: this decimal constant is unsigned only in ISO C90 [enabled by default]
schedule->consumers_rate[1][0] = 9223372036854775808;
^
merge.schedule.c:376:35: warning: integer constant is so large that it is unsigned [enabled by default]
schedule->consumers_rate[2][0] = 9223372036854775808;
^
merge.schedule.c:376:2: warning: this decimal constant is unsigned only in ISO C90 [enabled by default]
schedule->consumers_rate[2][0] = 9223372036854775808;
^
merge.schedule.c:382:35: warning: integer constant is so large that it is unsigned [enabled by default]
schedule->consumers_rate[3][0] = 9223372036854775808;
^
merge.schedule.c:382:2: warning: this decimal constant is unsigned only in ISO C90 [enabled by default]
schedule->consumers_rate[3][0] = 9223372036854775808;
^
merge.schedule.c:388:35: warning: integer constant is so large that it is unsigned [enabled by default]
schedule->consumers_rate[4][0] = 9223372036854775808;
^
merge.schedule.c:388:2: warning: this decimal constant is unsigned only in ISO C90 [enabled by default]
schedule->consumers_rate[4][0] = 9223372036854775808;
^
merge.schedule.c:394:35: warning: integer constant is so large that it is unsigned [enabled by default]
schedule->consumers_rate[5][0] = 9223372036854775808;
^
merge.schedule.c:394:2: warning: this decimal constant is unsigned only in ISO C90 [enabled by default]
schedule->consumers_rate[5][0] = 9223372036854775808;
^
merge.schedule.c:400:35: warning: integer constant is so large that it is unsigned [enabled by default]
schedule->consumers_rate[6][0] = 9223372036854775808;
^
merge.schedule.c:400:2: warning: this decimal constant is unsigned only in ISO C90 [enabled by default]
schedule->consumers_rate[6][0] = 9223372036854775808;
^
merge.schedule.c:406:35: warning: integer constant is so large that it is unsigned [enabled by default]
schedule->consumers_rate[7][0] = 9223372036854775808;
^
merge.schedule.c:406:2: warning: this decimal constant is unsigned only in ISO C90 [enabled by default]
schedule->consumers_rate[7][0] = 9223372036854775808;
^
merge.schedule.c:412:35: warning: integer constant is so large that it is unsigned [enabled by default]
schedule->consumers_rate[8][0] = 9223372036854775808;
^
merge.schedule.c:412:2: warning: this decimal constant is unsigned only in ISO C90 [enabled by default]
schedule->consumers_rate[8][0] = 9223372036854775808;
^
merge.schedule.c:418:35: warning: integer constant is so large that it is unsigned [enabled by default]
schedule->consumers_rate[9][0] = 9223372036854775808;
^
merge.schedule.c:418:2: warning: this decimal constant is unsigned only in ISO C90 [enabled by default]
schedule->consumers_rate[9][0] = 9223372036854775808;
^
merge.schedule.c:424:36: warning: integer constant is so large that it is unsigned [enabled by default]
schedule->consumers_rate[10][0] = 9223372036854775808;
^
merge.schedule.c:424:2: warning: this decimal constant is unsigned only in ISO C90 [enabled by default]
schedule->consumers_rate[10][0] = 9223372036854775808;
^
merge.schedule.c:430:36: warning: integer constant is so large that it is unsigned [enabled by default]
schedule->consumers_rate[11][0] = 9223372036854775808;
^
merge.schedule.c:430:2: warning: this decimal constant is unsigned only in ISO C90 [enabled by default]
schedule->consumers_rate[11][0] = 9223372036854775808;
^
merge.schedule.c:436:36: warning: integer constant is so large that it is unsigned [enabled by default]
schedule->consumers_rate[12][0] = 9223372036854775808;
^
merge.schedule.c:436:2: warning: this decimal constant is unsigned only in ISO C90 [enabled by default]
schedule->consumers_rate[12][0] = 9223372036854775808;
^
merge.schedule.c:442:36: warning: integer constant is so large that it is unsigned [enabled by default]
schedule->consumers_rate[13][0] = 9223372036854775808;
^
merge.schedule.c:442:2: warning: this decimal constant is unsigned only in ISO C90 [enabled by default]
schedule->consumers_rate[13][0] = 9223372036854775808;
^
merge.schedule.c:448:36: warning: integer constant is so large that it is unsigned [enabled by default]
schedule->consumers_rate[14][0] = 9223372036854775808;
^
merge.schedule.c:448:2: warning: this decimal constant is unsigned only in ISO C90 [enabled by default]
schedule->consumers_rate[14][0] = 9223372036854775808;
^
gcc -M -isystem ../include -O3 -DNDEBUG -DAPPLICATION=merge merge.schedule.c -MF drakecc_merge.schedule.d
ld -r -b binary -o merge-4.graphml.o merge-4.graphml
ld -r -b binary -o platform-4.dat.o platform-4.dat
ar rs libmerge.a drakecc_merge_task_1.o drakecc_merge_task_2.o drakecc_merge_task_3.o drakecc_merge_task_4.o drakecc_merge_task_5.o drakecc_merge_task_6.o drakecc_merge_task_7.o drakecc_merge_task_8.o drakecc_merge_task_9.o drakecc_merge_task_10.o drakecc_merge_task_11.o drakecc_merge_task_12.o drakecc_merge_task_13.o drakecc_merge_task_14.o drakecc_merge_task_15.o drakecc_merge.schedule.o drakecc_merge_task_1.o drakecc_merge_task_2.o drakecc_merge_task_3.o drakecc_merge_task_4.o drakecc_merge_task_5.o drakecc_merge_task_6.o drakecc_merge_task_7.o drakecc_merge_task_8.o drakecc_merge_task_9.o drakecc_merge_task_10.o drakecc_merge_task_11.o drakecc_merge_task_12.o drakecc_merge_task_13.o drakecc_merge_task_14.o drakecc_merge_task_15.o drakecc_merge.schedule.o
ar: creating libmerge.a
g++ -o p4-drake-sort -L. -L. bincxx_drake-sort_sort.o bincxx_drake-sort_drake-sort.o bincxx_drake-sort_utils.o -lmerge -pthread -L/home/nicme26/tddd56/lib -ldrake-intel-ia -ldrake -lpelib-core -lboost_graph -lboost_regex -lrapl -lm -lrt
g++ -E -isystem ../include -O3 -DNDEBUG -DDRAKE_IA_SHARED_SIZE=262144 -DDRAKE_IA_LINE_SIZE=64 -I/home/nicme26/tddd56/include -DNB_THREADS=4 -o bincxx_parallel-sort_sort.e sort.cpp
g++ -c -isystem ../include -O3 -DNDEBUG -DDRAKE_IA_SHARED_SIZE=262144 -DDRAKE_IA_LINE_SIZE=64 -I/home/nicme26/tddd56/include -DNB_THREADS=4 -o bincxx_parallel-sort_sort.o sort.cpp
g++ -M -isystem ../include -O3 -DNDEBUG -DDRAKE_IA_SHARED_SIZE=262144 -DDRAKE_IA_LINE_SIZE=64 -I/home/nicme26/tddd56/include -DNB_THREADS=4 sort.cpp -MF bincxx_parallel-sort_sort.d
gcc -E -isystem ../include -O3 -DNDEBUG -DNB_THREADS=4 -o bincxx_parallel-sort_parallel-sort.e parallel-sort.c
gcc -c -isystem ../include -O3 -DNDEBUG -DNB_THREADS=4 -o bincxx_parallel-sort_parallel-sort.o parallel-sort.c
gcc -M -isystem ../include -O3 -DNDEBUG -DNB_THREADS=4 parallel-sort.c -MF bincxx_parallel-sort_parallel-sort.d
gcc -E -isystem ../include -O3 -DNDEBUG -DNB_THREADS=4 -o bincxx_parallel-sort_utils.e utils.c
gcc -c -isystem ../include -O3 -DNDEBUG -DNB_THREADS=4 -o bincxx_parallel-sort_utils.o utils.c
gcc -M -isystem ../include -O3 -DNDEBUG -DNB_THREADS=4 utils.c -MF bincxx_parallel-sort_utils.d
g++ -o p4-parallel-sort -L. bincxx_parallel-sort_sort.o bincxx_parallel-sort_parallel-sort.o bincxx_parallel-sort_utils.o -pthread -L/home/nicme26/tddd56/lib -ldrake-intel-ia -ldrake -lpelib-core -lboost_graph -lboost_regex -lrapl -lm -lrt
echo Makefile Makefile.in
Makefile Makefile.in
echo prefix=/home/nicme26/tddd56 > merge.pc
echo exec_prefix= >> merge.pc
echo libdir='$'{prefix}/lib >> merge.pc
echo includedir='$'{prefix}/include >> merge.pc
echo >> merge.pc
echo Name: libmerge >> merge.pc
echo Description: General PELAB in library research used utility >> merge.pc
echo Version: 1.0.0 >> merge.pc
echo URL: >> merge.pc
echo Libs: -L'$'{libdir} -lmerge >> merge.pc
echo Libs.private: >> merge.pc
echo Requires: >> merge.pc
echo Requires.private: >> merge.pc
echo Conflicts: >> merge.pc
echo Cflags: -I'$'{includedir} >> merge.pc
make[1]: Leaving directory `/home/matzi633/Documents/test_multicore/Multicore_and_gpu/new_Lab3/src'
make[1]: Entering directory `/home/matzi633/Documents/test_multicore/Multicore_and_gpu/new_Lab3/include'
make[1]: Leaving directory `/home/matzi633/Documents/test_multicore/Multicore_and_gpu/new_Lab3/include'
OK. 23.65 sec finished on 12/07/16 15:42:48; approx. 20.88 sec left (0.35 minutes)
[INFO] Setting 74/96: nb_threads=4 pattern=uniform-random size=1024 value=123456 input_instance=2... OK. 0.01 sec finished on 12/07/16 15:42:48; approx. 19.72 sec left (0.33 minutes)
[INFO] Setting 75/96: nb_threads=4 pattern=uniform-random size=4096 value=123456 input_instance=1... OK. 0.00 sec finished on 12/07/16 15:42:48; approx. 18.59 sec left (0.31 minutes)
[INFO] Setting 76/96: nb_threads=4 pattern=uniform-random size=4096 value=123456 input_instance=2... OK. 0.00 sec finished on 12/07/16 15:42:48; approx. 17.48 sec left (0.29 minutes)
[INFO] Setting 77/96: nb_threads=4 pattern=uniform-random size=16384 value=123456 input_instance=1... OK. 0.00 sec finished on 12/07/16 15:42:49; approx. 16.41 sec left (0.27 minutes)
[INFO] Setting 78/96: nb_threads=4 pattern=uniform-random size=16384 value=123456 input_instance=2... OK. 0.00 sec finished on 12/07/16 15:42:49; approx. 15.36 sec left (0.26 minutes)
[INFO] Setting 79/96: nb_threads=4 pattern=increasing size=1024 value=123456 input_instance=1... OK. 0.00 sec finished on 12/07/16 15:42:49; approx. 14.33 sec left (0.24 minutes)
[INFO] Setting 81/96: nb_threads=4 pattern=increasing size=4096 value=123456 input_instance=1... OK. 0.00 sec finished on 12/07/16 15:42:49; approx. 12.35 sec left (0.21 minutes)
[INFO] Setting 83/96: nb_threads=4 pattern=increasing size=16384 value=123456 input_instance=1... OK. 0.00 sec finished on 12/07/16 15:42:49; approx. 10.46 sec left (0.17 minutes)
[INFO] Setting 85/96: nb_threads=4 pattern=decreasing size=1024 value=123456 input_instance=1... OK. 0.00 sec finished on 12/07/16 15:42:49; approx. 8.65 sec left (0.14 minutes)
[INFO] Setting 87/96: nb_threads=4 pattern=decreasing size=4096 value=123456 input_instance=1... OK. 0.00 sec finished on 12/07/16 15:42:49; approx. 6.92 sec left (0.12 minutes)
[INFO] Setting 89/96: nb_threads=4 pattern=decreasing size=16384 value=123456 input_instance=1... OK. 0.01 sec finished on 12/07/16 15:42:49; approx. 5.27 sec left (0.09 minutes)
[INFO] Setting 91/96: nb_threads=4 pattern=constant size=1024 value=123456 input_instance=1... OK. 0.00 sec finished on 12/07/16 15:42:49; approx. 3.69 sec left (0.06 minutes)
[INFO] Setting 93/96: nb_threads=4 pattern=constant size=4096 value=123456 input_instance=1... OK. 0.00 sec finished on 12/07/16 15:42:49; approx. 2.17 sec left (0.04 minutes)
[INFO] Setting 95/96: nb_threads=4 pattern=constant size=16384 value=123456 input_instance=1... OK. 0.00 sec finished on 12/07/16 15:42:49; approx. 0.71 sec left (0.01 minutes)
[INFO] Success. Compilation took 67.29 seconds (1.12 minutes) or 0.70 seconds per compilation setting (0.01 minutes).
